<?xml version="1.0" encoding="UTF-8"?>
<!-- Generated by org.testng.reporters.JUnitReportReporter -->
<testsuite skipped="0" hostname="RAHUL-PC" name="com.actitime.test.InvalidLogin" tests="1" failures="0" timestamp="26 Jan 2019 12:59:59 GMT" time="8.848" errors="0">
  <testcase name="testInvalidLogin" time="8.848" classname="com.actitime.test.InvalidLogin"/>
</testsuite> <!-- com.actitime.test.InvalidLogin -->
