<?xml version="1.0" encoding="UTF-8"?>
<!-- Generated by org.testng.reporters.JUnitReportReporter -->
<testsuite skipped="0" hostname="RAHUL-PC" name="com.actitime.test.ValidLogin" tests="1" failures="0" timestamp="26 Jan 2019 12:59:59 GMT" time="7.868" errors="0">
  <testcase name="testValidLogin" time="7.868" classname="com.actitime.test.ValidLogin"/>
</testsuite> <!-- com.actitime.test.ValidLogin -->
